# JRE version: Java(TM) SE Runtime Environment (7.0_45-b18) (build 1.7.0_45-b18)
# Java VM: Java HotSpot(TM) 64-Bit Server VM (24.45-b08 mixed mode windows-amd64 compressed oops)
Heap
 PSYoungGen      total 94720K, used 94704K [0x00000007d5a00000, 0x00000007dbf00000, 0x0000000800000000)
  eden space 89600K, 100% used [0x00000007d5a00000,0x00000007db180000,0x00000007db180000)
  from space 5120K, 99% used [0x00000007db680000,0x00000007dbb7c360,0x00000007dbb80000)
  to   space 5120K, 0% used [0x00000007db180000,0x00000007db180000,0x00000007db680000)
 ParOldGen       total 112640K, used 50471K [0x0000000780e00000, 0x0000000787c00000, 0x00000007d5a00000)
  object space 112640K, 44% used [0x0000000780e00000,0x0000000783f49d88,0x0000000787c00000)
 PSPermGen       total 21504K, used 14923K [0x000000077bc00000, 0x000000077d100000, 0x0000000780e00000)
  object space 21504K, 69% used [0x000000077bc00000,0x000000077ca92d98,0x000000077d100000)
GC Heap History (10 events):
Event: 0.543 GC heap before
{Heap before GC invocations=1 (full 0):
 PSYoungGen      total 38400K, used 33280K [0x00000007d5a00000, 0x00000007d8480000, 0x0000000800000000)
  eden space 33280K, 100% used [0x00000007d5a00000,0x00000007d7a80000,0x00000007d7a80000)
  from space 5120K, 0% used [0x00000007d7f80000,0x00000007d7f80000,0x00000007d8480000)
  to   space 5120K, 0% used [0x00000007d7a80000,0x00000007d7a80000,0x00000007d7f80000)
 ParOldGen       total 86528K, used 0K [0x0000000780e00000, 0x0000000786280000, 0x00000007d5a00000)
  object space 86528K, 0% used [0x0000000780e00000,0x0000000780e00000,0x0000000786280000)
 PSPermGen       total 21504K, used 9843K [0x000000077bc00000, 0x000000077d100000, 0x0000000780e00000)
  object space 21504K, 45% used [0x000000077bc00000,0x000000077c59cd20,0x000000077d100000)
Event: 0.550 GC heap after
Heap after GC invocations=1 (full 0):
 PSYoungGen      total 38400K, used 2223K [0x00000007d5a00000, 0x00000007da500000, 0x0000000800000000)
  eden space 33280K, 0% used [0x00000007d5a00000,0x00000007d5a00000,0x00000007d7a80000)
  from space 5120K, 43% used [0x00000007d7a80000,0x00000007d7cabd90,0x00000007d7f80000)
  to   space 5120K, 0% used [0x00000007da000000,0x00000007da000000,0x00000007da500000)
 ParOldGen       total 86528K, used 36872K [0x0000000780e00000, 0x0000000786280000, 0x00000007d5a00000)
  object space 86528K, 42% used [0x0000000780e00000,0x0000000783202030,0x0000000786280000)
 PSPermGen       total 21504K, used 9843K [0x000000077bc00000, 0x000000077d100000, 0x0000000780e00000)
  object space 21504K, 45% used [0x000000077bc00000,0x000000077c59cd20,0x000000077d100000)
}
Event: 0.711 GC heap before
{Heap before GC invocations=2 (full 0):
 PSYoungGen      total 38400K, used 35503K [0x00000007d5a00000, 0x00000007da500000, 0x0000000800000000)
  eden space 33280K, 100% used [0x00000007d5a00000,0x00000007d7a80000,0x00000007d7a80000)
  from space 5120K, 43% used [0x00000007d7a80000,0x00000007d7cabd90,0x00000007d7f80000)
  to   space 5120K, 0% used [0x00000007da000000,0x00000007da000000,0x00000007da500000)
 ParOldGen       total 86528K, used 36872K [0x0000000780e00000, 0x0000000786280000, 0x00000007d5a00000)
  object space 86528K, 42% used [0x0000000780e00000,0x0000000783202030,0x0000000786280000)
 PSPermGen       total 21504K, used 10416K [0x000000077bc00000, 0x000000077d100000, 0x0000000780e00000)
  object space 21504K, 48% used [0x000000077bc00000,0x000000077c62c218,0x000000077d100000)
Event: 0.717 GC heap after
Heap after GC invocations=2 (full 0):
 PSYoungGen      total 71680K, used 3296K [0x00000007d5a00000, 0x00000007da500000, 0x0000000800000000)
  eden space 66560K, 0% used [0x00000007d5a00000,0x00000007d5a00000,0x00000007d9b00000)
  from space 5120K, 64% used [0x00000007da000000,0x00000007da338210,0x00000007da500000)
  to   space 5120K, 0% used [0x00000007d9b00000,0x00000007d9b00000,0x00000007da000000)
 ParOldGen       total 86528K, used 49168K [0x0000000780e00000, 0x0000000786280000, 0x00000007d5a00000)
  object space 86528K, 56% used [0x0000000780e00000,0x0000000783e04040,0x0000000786280000)
 PSPermGen       total 21504K, used 10416K [0x000000077bc00000, 0x000000077d100000, 0x0000000780e00000)
  object space 21504K, 48% used [0x000000077bc00000,0x000000077c62c218,0x000000077d100000)
}
Event: 0.717 GC heap before
{Heap before GC invocations=3 (full 1):
 PSYoungGen      total 71680K, used 3296K [0x00000007d5a00000, 0x00000007da500000, 0x0000000800000000)
  eden space 66560K, 0% used [0x00000007d5a00000,0x00000007d5a00000,0x00000007d9b00000)
  from space 5120K, 64% used [0x00000007da000000,0x00000007da338210,0x00000007da500000)
  to   space 5120K, 0% used [0x00000007d9b00000,0x00000007d9b00000,0x00000007da000000)
 ParOldGen       total 86528K, used 49168K [0x0000000780e00000, 0x0000000786280000, 0x00000007d5a00000)
  object space 86528K, 56% used [0x0000000780e00000,0x0000000783e04040,0x0000000786280000)
 PSPermGen       total 21504K, used 10416K [0x000000077bc00000, 0x000000077d100000, 0x0000000780e00000)
  object space 21504K, 48% used [0x000000077bc00000,0x000000077c62c218,0x000000077d100000)
Event: 0.744 GC heap after
Heap after GC invocations=3 (full 1):
 PSYoungGen      total 71680K, used 0K [0x00000007d5a00000, 0x00000007da500000, 0x0000000800000000)
  eden space 66560K, 0% used [0x00000007d5a00000,0x00000007d5a00000,0x00000007d9b00000)
  from space 5120K, 0% used [0x00000007da000000,0x00000007da000000,0x00000007da500000)
  to   space 5120K, 0% used [0x00000007d9b00000,0x00000007d9b00000,0x00000007da000000)
 ParOldGen       total 112640K, used 15470K [0x0000000780e00000, 0x0000000787c00000, 0x00000007d5a00000)
  object space 112640K, 13% used [0x0000000780e00000,0x0000000781d1baa0,0x0000000787c00000)
 PSPermGen       total 21504K, used 10414K [0x000000077bc00000, 0x000000077d100000, 0x0000000780e00000)
  object space 21504K, 48% used [0x000000077bc00000,0x000000077c62b9b0,0x000000077d100000)
}
Event: 1.074 GC heap before
{Heap before GC invocations=4 (full 1):
 PSYoungGen      total 71680K, used 65995K [0x00000007d5a00000, 0x00000007da500000, 0x0000000800000000)
  eden space 66560K, 99% used [0x00000007d5a00000,0x00000007d9a72cd0,0x00000007d9b00000)
  from space 5120K, 0% used [0x00000007da000000,0x00000007da000000,0x00000007da500000)
  to   space 5120K, 0% used [0x00000007d9b00000,0x00000007d9b00000,0x00000007da000000)
 ParOldGen       total 112640K, used 15470K [0x0000000780e00000, 0x0000000787c00000, 0x00000007d5a00000)
  object space 112640K, 13% used [0x0000000780e00000,0x0000000781d1baa0,0x0000000787c00000)
 PSPermGen       total 21504K, used 10766K [0x000000077bc00000, 0x000000077d100000, 0x0000000780e00000)
  object space 21504K, 50% used [0x000000077bc00000,0x000000077c683a08,0x000000077d100000)
Event: 1.078 GC heap after
Heap after GC invocations=4 (full 1):
 PSYoungGen      total 71680K, used 5117K [0x00000007d5a00000, 0x00000007dbb80000, 0x0000000800000000)
  eden space 66560K, 0% used [0x00000007d5a00000,0x00000007d5a00000,0x00000007d9b00000)
  from space 5120K, 99% used [0x00000007d9b00000,0x00000007d9fff610,0x00000007da000000)
  to   space 5120K, 0% used [0x00000007db680000,0x00000007db680000,0x00000007dbb80000)
 ParOldGen       total 112640K, used 25331K [0x0000000780e00000, 0x0000000787c00000, 0x00000007d5a00000)
  object space 112640K, 22% used [0x0000000780e00000,0x00000007826bcf58,0x0000000787c00000)
 PSPermGen       total 21504K, used 10766K [0x000000077bc00000, 0x000000077d100000, 0x0000000780e00000)
  object space 21504K, 50% used [0x000000077bc00000,0x000000077c683a08,0x000000077d100000)
}
Event: 1.189 GC heap before
{Heap before GC invocations=5 (full 1):
 PSYoungGen      total 71680K, used 71677K [0x00000007d5a00000, 0x00000007dbb80000, 0x0000000800000000)
  eden space 66560K, 100% used [0x00000007d5a00000,0x00000007d9b00000,0x00000007d9b00000)
  from space 5120K, 99% used [0x00000007d9b00000,0x00000007d9fff610,0x00000007da000000)
  to   space 5120K, 0% used [0x00000007db680000,0x00000007db680000,0x00000007dbb80000)
 ParOldGen       total 112640K, used 25331K [0x0000000780e00000, 0x0000000787c00000, 0x00000007d5a00000)
  object space 112640K, 22% used [0x0000000780e00000,0x00000007826bcf58,0x0000000787c00000)
 PSPermGen       total 21504K, used 10771K [0x000000077bc00000, 0x000000077d100000, 0x0000000780e00000)
  object space 21504K, 50% used [0x000000077bc00000,0x000000077c684e00,0x000000077d100000)
Event: 1.194 GC heap after
Heap after GC invocations=5 (full 1):
 PSYoungGen      total 94720K, used 5104K [0x00000007d5a00000, 0x00000007dbf00000, 0x0000000800000000)
  eden space 89600K, 0% used [0x00000007d5a00000,0x00000007d5a00000,0x00000007db180000)
  from space 5120K, 99% used [0x00000007db680000,0x00000007dbb7c360,0x00000007dbb80000)
  to   space 5120K, 0% used [0x00000007db180000,0x00000007db180000,0x00000007db680000)
 ParOldGen       total 112640K, used 50471K [0x0000000780e00000, 0x0000000787c00000, 0x00000007d5a00000)
  object space 112640K, 44% used [0x0000000780e00000,0x0000000783f49d88,0x0000000787c00000)
 PSPermGen       total 21504K, used 10771K [0x000000077bc00000, 0x000000077d100000, 0x0000000780e00000)
  object space 21504K, 50% used [0x000000077bc00000,0x000000077c684e00,0x000000077d100000)
}

